{
  "stats": {
    "suites": 2,
    "tests": 12,
    "passes": 12,
    "pending": 0,
    "failures": 0,
    "start": "2020-08-06T21:06:41.970Z",
    "end": "2020-08-06T21:06:41.970Z",
    "duration": 118599,
    "testsRegistered": 12,
    "passPercent": 100,
    "pendingPercent": 0,
    "other": 0,
    "hasOther": false,
    "skipped": 0,
    "hasSkipped": false
  },
  "results": [
    {
      "uuid": "88cf7bdc-e028-4660-a49f-e8d1fc8729bb",
      "title": "",
      "fullFile": "cypress\\integration\\functional\\e2eWeb.spec.js",
      "file": "cypress\\integration\\functional\\e2eWeb.spec.js",
      "beforeHooks": [],
      "afterHooks": [],
      "tests": [],
      "suites": [
        {
          "uuid": "69d9bfbb-0589-4352-8846-70c6326edeca",
          "title": "Web-UI Functional Tests",
          "fullFile": "",
          "file": "",
          "beforeHooks": [],
          "afterHooks": [],
          "tests": [],
          "suites": [
            {
              "uuid": "14c1cb6e-ad09-4db0-b3bf-a35092f5f8e7",
              "title": "Test New User SignUp",
              "fullFile": "",
              "file": "",
              "beforeHooks": [],
              "afterHooks": [],
              "tests": [
                {
                  "title": "Should NOT SignUp with existing user",
                  "fullTitle": "Web-UI Functional Tests Test New User SignUp Should NOT SignUp with existing user",
                  "timedOut": null,
                  "duration": 13662,
                  "state": "passed",
                  "speed": "slow",
                  "pass": true,
                  "fail": false,
                  "pending": false,
                  "context": null,
                  "code": "cy.get(homeScreen.signUpLink).click();\n(0, _helperFunctions.enterSignUpDetail)(existingUser.userName, existingUser.userEmail, existingUser.userPassword);\ncy.get(signUpScreen.signUpButton).click(); //check existing user sign up error messages\ncy.get(signUpScreen.signUpError).should('be.visible');\ncy.get(signUpScreen.signUpError).contains(_validations.EXISTING_EMAIL_ERROR);\ncy.get(signUpScreen.signUpError).contains(_validations.EXISTING_USERNAME_ERROR);",
                  "err": {},
                  "uuid": "8efe68fc-b030-49eb-8c9e-0df45150d815",
                  "parentUUID": "14c1cb6e-ad09-4db0-b3bf-a35092f5f8e7",
                  "isHook": false,
                  "skipped": false
                },
                {
                  "title": "Should Successfully SignUp new user and LogOut",
                  "fullTitle": "Web-UI Functional Tests Test New User SignUp Should Successfully SignUp new user and LogOut",
                  "timedOut": null,
                  "duration": 12378,
                  "state": "passed",
                  "speed": "slow",
                  "pass": true,
                  "fail": false,
                  "pending": false,
                  "context": null,
                  "code": "//Generate Random UserName, Email, Password\nvar rand_username = faker.internet.userName();\nvar rand_useremail = faker.internet.email();\nvar rand_userpassword = faker.internet.password();\ncy.get(homeScreen.signUpLink).click();\n(0, _helperFunctions.enterSignUpDetail)(rand_username, rand_useremail, rand_userpassword);\ncy.get(signUpScreen.signUpButton).click(); // check home screen show username after successfull sign up\ncy.get(homeScreen.usernameLink).should('be.visible');\ncy.get(homeScreen.usernameLink).contains(rand_username); // go to setting and logout \ncy.get(homeScreen.settingLink).click();\ncy.get(settingScreen.logoutButton).click();",
                  "err": {},
                  "uuid": "ac7e08dd-38a2-481d-9a72-1a7f45c54960",
                  "parentUUID": "14c1cb6e-ad09-4db0-b3bf-a35092f5f8e7",
                  "isHook": false,
                  "skipped": false
                }
              ],
              "suites": [],
              "passes": [
                "8efe68fc-b030-49eb-8c9e-0df45150d815",
                "ac7e08dd-38a2-481d-9a72-1a7f45c54960"
              ],
              "failures": [],
              "pending": [],
              "skipped": [],
              "duration": 26040,
              "root": false,
              "rootEmpty": false,
              "_timeout": 2000
            },
            {
              "uuid": "c9eb99e4-c00e-4499-958e-83802fab46e5",
              "title": "Test Existing User SignIn",
              "fullFile": "",
              "file": "",
              "beforeHooks": [],
              "afterHooks": [],
              "tests": [
                {
                  "title": "Should NOT Login with Invalid Email, Password",
                  "fullTitle": "Web-UI Functional Tests Test Existing User SignIn Should NOT Login with Invalid Email, Password",
                  "timedOut": null,
                  "duration": 20063,
                  "state": "passed",
                  "speed": "slow",
                  "pass": true,
                  "fail": false,
                  "pending": false,
                  "context": null,
                  "code": "cy.get(homeScreen.signInLink).click(); // check error message for empty email, password\ncy.get(signInScreen.signInButton).click();\ncy.wait(2000); //wait for api to respond\ncy.get(signInScreen.signInError).should('be.visible');\ncy.get(signInScreen.signInError).contains(_validations.INVALID_EMAIL_PASSWORD_ERROR); // check error message for valid email, invalid password\n(0, _helperFunctions.enterSignInDetail)(existingUser.userEmail, 'INVALIDPASWORD');\ncy.get(signInScreen.signInButton).click();\ncy.wait(2000); //wait for api to respond\ncy.get(signInScreen.signInError).should('be.visible');\ncy.get(signInScreen.signInError).contains(_validations.INVALID_EMAIL_PASSWORD_ERROR); // check error message for invalid email, valid password\n(0, _helperFunctions.enterSignInDetail)('INVALID_EMAIL@GMAIL.COM', existingUser.userPassword);\ncy.get(signInScreen.signInButton).click();\ncy.wait(2000); //wait for api to respond\ncy.get(signInScreen.signInError).should('be.visible');\ncy.get(signInScreen.signInError).contains(_validations.INVALID_EMAIL_PASSWORD_ERROR);",
                  "err": {},
                  "uuid": "4114fec7-5212-4e92-9716-9a9e8c78794f",
                  "parentUUID": "c9eb99e4-c00e-4499-958e-83802fab46e5",
                  "isHook": false,
                  "skipped": false
                },
                {
                  "title": "Should Successfully Login with Valid Email, Password and LogOut",
                  "fullTitle": "Web-UI Functional Tests Test Existing User SignIn Should Successfully Login with Valid Email, Password and LogOut",
                  "timedOut": null,
                  "duration": 8558,
                  "state": "passed",
                  "speed": "slow",
                  "pass": true,
                  "fail": false,
                  "pending": false,
                  "context": null,
                  "code": "cy.get(homeScreen.signInLink).click(); // check error message for empty email, password\n(0, _helperFunctions.enterSignInDetail)(existingUser.userEmail, existingUser.userPassword);\ncy.get(signInScreen.signInButton).click();\ncy.wait(1000); //wait for api to respond\n// check home screen show username after successfull sign up\ncy.get(homeScreen.usernameLink).should('be.visible');\ncy.get(homeScreen.usernameLink).contains(existingUser.userName); // go to setting and logout\ncy.get(homeScreen.settingLink).click();\ncy.get(settingScreen.logoutButton).click();",
                  "err": {},
                  "uuid": "c0f97e12-cf9b-4957-bc29-3942cb8417a3",
                  "parentUUID": "c9eb99e4-c00e-4499-958e-83802fab46e5",
                  "isHook": false,
                  "skipped": false
                }
              ],
              "suites": [],
              "passes": [
                "4114fec7-5212-4e92-9716-9a9e8c78794f",
                "c0f97e12-cf9b-4957-bc29-3942cb8417a3"
              ],
              "failures": [],
              "pending": [],
              "skipped": [],
              "duration": 28621,
              "root": false,
              "rootEmpty": false,
              "_timeout": 2000
            },
            {
              "uuid": "82a07be3-cc3f-4777-8ab3-9b813e1af2d4",
              "title": "Validate New Article is Created and Displayed in Feeds",
              "fullFile": "",
              "file": "",
              "beforeHooks": [],
              "afterHooks": [],
              "tests": [
                {
                  "title": "Check Validation Messages on Create Article",
                  "fullTitle": "Web-UI Functional Tests Validate New Article is Created and Displayed in Feeds Check Validation Messages on Create Article",
                  "timedOut": null,
                  "duration": 9184,
                  "state": "passed",
                  "speed": "slow",
                  "pass": true,
                  "fail": false,
                  "pending": false,
                  "context": null,
                  "code": "cy.get(homeScreen.signInLink).click();\n(0, _helperFunctions.enterSignInDetail)(existingUser.userEmail, existingUser.userPassword);\ncy.get(signInScreen.signInButton).click(); // Navigate to 'New Article' page\ncy.get(homeScreen.newArticleLink).click(); // Check Validations on 'New Article' page\ncy.get(newArticleScreen.publishButton).click();\ncy.get(newArticleScreen.articleError).should('be.visible');\ncy.get(newArticleScreen.articleError).contains(_validations.BLANK_TITLE_ERROR);\ncy.get(newArticleScreen.articleError).contains(_validations.TITLE_TOO_SHORT_ERROR);\ncy.get(newArticleScreen.articleError).contains(_validations.BLANK_BODY_ERROR);\ncy.get(newArticleScreen.articleError).contains(_validations.BLANK_DESC_ERROR);\ncy.get(newArticleScreen.articleError).contains(_validations.DESC_TOO_SHORT_ERROR);",
                  "err": {},
                  "uuid": "284923cd-d625-4470-9d63-85cd5eb1a3e1",
                  "parentUUID": "82a07be3-cc3f-4777-8ab3-9b813e1af2d4",
                  "isHook": false,
                  "skipped": false
                },
                {
                  "title": "SignUp and Create Article using Random User and check Article is shown in Global Feed and My Artiles",
                  "fullTitle": "Web-UI Functional Tests Validate New Article is Created and Displayed in Feeds SignUp and Create Article using Random User and check Article is shown in Global Feed and My Artiles",
                  "timedOut": null,
                  "duration": 49244,
                  "state": "passed",
                  "speed": "slow",
                  "pass": true,
                  "fail": false,
                  "pending": false,
                  "context": null,
                  "code": "//Generate Random UserName, Email, Password\nvar randomNewUserName = faker.internet.userName();\nvar randomNewUserEmail = faker.internet.email();\nvar randomNewUserPassword = faker.internet.password();\nvar randomTitle = faker.name.jobTitle();\nvar randomDescription = faker.lorem.sentence();\nvar randomBody = faker.lorem.paragraphs();\nvar randomTags = faker.lorem.words();\ncy.get(homeScreen.signUpLink).click();\n(0, _helperFunctions.enterSignUpDetail)(randomNewUserName, randomNewUserEmail, randomNewUserPassword);\ncy.get(signUpScreen.signUpButton).click(); // Create new article and submit\ncy.get(homeScreen.newArticleLink).click();\n(0, _helperFunctions.enterArticleDetail)(randomTitle, randomDescription, randomBody, randomTags);\ncy.get(newArticleScreen.publishButton).click();\ncy.wait(2000); //wait for api to respond\n// Go to User My Articles and validate article is created\ncy.get(homeScreen.usernameLink).click();\ncy.wait(3000); //wait for api to respond\n// cy.contains(randomTitle)\n// Click on Global Feed and Check Loading Articles\ncy.visit('/');\ncy.get(homeScreen.feedToggle).contains('Your Feed');\ncy.wait(2000);\ncy.get(homeScreen.feedToggle).contains('Global Feed').click();\ncy.contains('Loading articles...');\ncy.wait(3000); //wait for api to respond\n// cy.contains(randomTitle)//sometime api does update feeds so commenting it",
                  "err": {},
                  "uuid": "0cbdc1ee-8c63-4a32-b386-811a2db0d2df",
                  "parentUUID": "82a07be3-cc3f-4777-8ab3-9b813e1af2d4",
                  "isHook": false,
                  "skipped": false
                }
              ],
              "suites": [],
              "passes": [
                "284923cd-d625-4470-9d63-85cd5eb1a3e1",
                "0cbdc1ee-8c63-4a32-b386-811a2db0d2df"
              ],
              "failures": [],
              "pending": [],
              "skipped": [],
              "duration": 58428,
              "root": false,
              "rootEmpty": false,
              "_timeout": 2000
            }
          ],
          "passes": [],
          "failures": [],
          "pending": [],
          "skipped": [],
          "duration": 0,
          "root": false,
          "rootEmpty": false,
          "_timeout": 2000
        }
      ],
      "passes": [],
      "failures": [],
      "pending": [],
      "skipped": [],
      "duration": 0,
      "root": true,
      "rootEmpty": true,
      "_timeout": 2000
    },
    {
      "uuid": "e1ea8629-351b-4dcb-91cf-199b242cf5c6",
      "title": "",
      "fullFile": "cypress\\integration\\functional\\api.spec.js",
      "file": "cypress\\integration\\functional\\api.spec.js",
      "beforeHooks": [],
      "afterHooks": [],
      "tests": [],
      "suites": [
        {
          "uuid": "b7e2dac8-684b-44df-96ea-df2fe784ec43",
          "title": "API Functional Tests",
          "fullFile": "",
          "file": "",
          "beforeHooks": [],
          "afterHooks": [],
          "tests": [],
          "suites": [
            {
              "uuid": "6741304a-213c-409c-9f22-35d0119e6031",
              "title": "Test USER-SIGNUP-POST API",
              "fullFile": "",
              "file": "",
              "beforeHooks": [],
              "afterHooks": [],
              "tests": [
                {
                  "title": "Validate Status 422, response  for EXISTING USER-SIGNUP-POST Request",
                  "fullTitle": "API Functional Tests Test USER-SIGNUP-POST API Validate Status 422, response  for EXISTING USER-SIGNUP-POST Request",
                  "timedOut": null,
                  "duration": 1266,
                  "state": "passed",
                  "speed": "slow",
                  "pass": true,
                  "fail": false,
                  "pending": false,
                  "context": null,
                  "code": "cy.fixture('existingUserSignUpRequest').then(function (existingUserSignUpRequest) {\n  cy.request({\n    method: 'POST',\n    url: _apiEndPoint.USERS_SIGNUP_ENDPOINT,\n    body: existingUserSignUpRequest,\n    failOnStatusCode: false\n  }).as('userSignUpPostResponse');\n});\ncy.get('@userSignUpPostResponse').should(function (response) {\n  expect(response.status).to.eq(422);\n  expect(response.body).to.be.an('object');\n  expect(response.body).to.have.property('errors');\n});",
                  "err": {},
                  "uuid": "3235ac55-aaee-4d1f-aa51-2975d8c2e190",
                  "parentUUID": "6741304a-213c-409c-9f22-35d0119e6031",
                  "isHook": false,
                  "skipped": false
                },
                {
                  "title": "Validate Status 200, response for NEW USER-SIGNUP-POST Request",
                  "fullTitle": "API Functional Tests Test USER-SIGNUP-POST API Validate Status 200, response for NEW USER-SIGNUP-POST Request",
                  "timedOut": null,
                  "duration": 744,
                  "state": "passed",
                  "speed": "slow",
                  "pass": true,
                  "fail": false,
                  "pending": false,
                  "context": null,
                  "code": "cy.request('POST', _apiEndPoint.USERS_SIGNUP_ENDPOINT, (0, _fakerRequests.userSignUpRequestBody)()).as('userSignUpPostResponse');\ncy.get('@userSignUpPostResponse').should(function (response) {\n  expect(response.status).to.eq(200);\n  expect(response.body).to.be.an('object');\n  expect(response.body).to.have.property('user');\n});",
                  "err": {},
                  "uuid": "59056fa2-37f7-439c-a164-3d565793b8c1",
                  "parentUUID": "6741304a-213c-409c-9f22-35d0119e6031",
                  "isHook": false,
                  "skipped": false
                }
              ],
              "suites": [],
              "passes": [
                "3235ac55-aaee-4d1f-aa51-2975d8c2e190",
                "59056fa2-37f7-439c-a164-3d565793b8c1"
              ],
              "failures": [],
              "pending": [],
              "skipped": [],
              "duration": 2010,
              "root": false,
              "rootEmpty": false,
              "_timeout": 2000
            },
            {
              "uuid": "c9358e44-9b80-49b8-9859-dfd9cfb72ee3",
              "title": "Test USER-LOGIN-POST API",
              "fullFile": "",
              "file": "",
              "beforeHooks": [],
              "afterHooks": [],
              "tests": [
                {
                  "title": "Validate Status 422, response  for INVALID USER-LOGIN-POST Request ",
                  "fullTitle": "API Functional Tests Test USER-LOGIN-POST API Validate Status 422, response  for INVALID USER-LOGIN-POST Request ",
                  "timedOut": null,
                  "duration": 815,
                  "state": "passed",
                  "speed": "slow",
                  "pass": true,
                  "fail": false,
                  "pending": false,
                  "context": null,
                  "code": "cy.request({\n  method: 'POST',\n  url: _apiEndPoint.USERS_LOGIN_ENDPOINT,\n  body: (0, _fakerRequests.invalidUserLoginRequestBody)(),\n  failOnStatusCode: false\n}).as('userLoginPostResponse');\ncy.get('@userLoginPostResponse').should(function (response) {\n  expect(response.status).to.eq(422);\n  expect(response.body).to.be.an('object');\n  expect(response.body).to.have.property('errors');\n});",
                  "err": {},
                  "uuid": "708d80d3-7493-46a1-9fb6-81d75106082a",
                  "parentUUID": "c9358e44-9b80-49b8-9859-dfd9cfb72ee3",
                  "isHook": false,
                  "skipped": false
                },
                {
                  "title": "Validate Status 200, response  for VALID USER-LOGIN-POST Request",
                  "fullTitle": "API Functional Tests Test USER-LOGIN-POST API Validate Status 200, response  for VALID USER-LOGIN-POST Request",
                  "timedOut": null,
                  "duration": 795,
                  "state": "passed",
                  "speed": "slow",
                  "pass": true,
                  "fail": false,
                  "pending": false,
                  "context": null,
                  "code": "cy.fixture('validLoginRequest').then(function (validLoginRequest) {\n  cy.request('POST', _apiEndPoint.USERS_LOGIN_ENDPOINT, validLoginRequest).as('userLoginPostResponse');\n});\ncy.get('@userLoginPostResponse').should(function (response) {\n  expect(response.status).to.eq(200);\n  expect(response.body).to.be.an('object');\n  expect(response.body).to.have.property('user');\n});",
                  "err": {},
                  "uuid": "3c560bfa-1294-45d2-8ca8-3d47e2d2363c",
                  "parentUUID": "c9358e44-9b80-49b8-9859-dfd9cfb72ee3",
                  "isHook": false,
                  "skipped": false
                }
              ],
              "suites": [],
              "passes": [
                "708d80d3-7493-46a1-9fb6-81d75106082a",
                "3c560bfa-1294-45d2-8ca8-3d47e2d2363c"
              ],
              "failures": [],
              "pending": [],
              "skipped": [],
              "duration": 1610,
              "root": false,
              "rootEmpty": false,
              "_timeout": 2000
            },
            {
              "uuid": "19cdf7e7-fe09-4768-84b2-bcfa62b875bd",
              "title": "Test TAGS-GET API",
              "fullFile": "",
              "file": "",
              "beforeHooks": [],
              "afterHooks": [],
              "tests": [
                {
                  "title": "Validate Status 200, response for TAGS-GET Request",
                  "fullTitle": "API Functional Tests Test TAGS-GET API Validate Status 200, response for TAGS-GET Request",
                  "timedOut": null,
                  "duration": 1189,
                  "state": "passed",
                  "speed": "slow",
                  "pass": true,
                  "fail": false,
                  "pending": false,
                  "context": null,
                  "code": "cy.request('GET', _apiEndPoint.TAGS_ENDPOINT).as('tagsGetResponse');\ncy.get('@tagsGetResponse').should(function (response) {\n  expect(response.status).to.eq(200);\n  expect(response.body).to.be.an('object');\n  expect(response.body).to.have.property('tags');\n});",
                  "err": {},
                  "uuid": "fb47bb9e-2d06-48bb-b0e5-eca005b3e021",
                  "parentUUID": "19cdf7e7-fe09-4768-84b2-bcfa62b875bd",
                  "isHook": false,
                  "skipped": false
                }
              ],
              "suites": [],
              "passes": [
                "fb47bb9e-2d06-48bb-b0e5-eca005b3e021"
              ],
              "failures": [],
              "pending": [],
              "skipped": [],
              "duration": 1189,
              "root": false,
              "rootEmpty": false,
              "_timeout": 2000
            },
            {
              "uuid": "a8bbaaa7-90e1-458e-9deb-c866f365fca9",
              "title": "Test GET-GLOBAL-ARTICLE-FEED API",
              "fullFile": "",
              "file": "",
              "beforeHooks": [],
              "afterHooks": [],
              "tests": [
                {
                  "title": "Validate Status 200, response for GET-GLOBAL-ARTICLE-FEED Request",
                  "fullTitle": "API Functional Tests Test GET-GLOBAL-ARTICLE-FEED API Validate Status 200, response for GET-GLOBAL-ARTICLE-FEED Request",
                  "timedOut": null,
                  "duration": 701,
                  "state": "passed",
                  "speed": "slow",
                  "pass": true,
                  "fail": false,
                  "pending": false,
                  "context": null,
                  "code": "cy.request('GET', _apiEndPoint.GET_ARTICLES_ENDPOINT).as('articlesGetResponse');\ncy.get('@articlesGetResponse').should(function (response) {\n  expect(response.status).to.eq(200);\n  expect(response.body).to.be.an('object');\n  expect(response.body).to.have.property('articles');\n});",
                  "err": {},
                  "uuid": "8e9ccb21-56ea-4d29-abd9-247bbc9611c6",
                  "parentUUID": "a8bbaaa7-90e1-458e-9deb-c866f365fca9",
                  "isHook": false,
                  "skipped": false
                }
              ],
              "suites": [],
              "passes": [
                "8e9ccb21-56ea-4d29-abd9-247bbc9611c6"
              ],
              "failures": [],
              "pending": [],
              "skipped": [],
              "duration": 701,
              "root": false,
              "rootEmpty": false,
              "_timeout": 2000
            }
          ],
          "passes": [],
          "failures": [],
          "pending": [],
          "skipped": [],
          "duration": 0,
          "root": false,
          "rootEmpty": false,
          "_timeout": 2000
        }
      ],
      "passes": [],
      "failures": [],
      "pending": [],
      "skipped": [],
      "duration": 0,
      "root": true,
      "rootEmpty": true,
      "_timeout": 2000
    }
  ],
  "meta": {
    "mocha": {
      "version": "7.0.1"
    },
    "mochawesome": {
      "options": {
        "quiet": false,
        "reportFilename": "mochawesome",
        "saveHtml": false,
        "saveJson": true,
        "consoleReporter": "spec",
        "useInlineDiffs": false,
        "code": true
      },
      "version": "6.1.1"
    },
    "marge": {
      "options": {
        "overwrite": false,
        "html": false,
        "json": true
      },
      "version": "5.1.0"
    }
  }
}