{
  "stats": {
    "suites": 2,
    "tests": 2,
    "passes": 0,
    "pending": 2,
    "failures": 0,
    "start": "2020-08-06T16:35:13.825Z",
    "end": "2020-08-06T16:35:13.967Z",
    "duration": 142,
    "testsRegistered": 2,
    "passPercent": null,
    "pendingPercent": 100,
    "other": 0,
    "hasOther": false,
    "skipped": 0,
    "hasSkipped": false
  },
  "results": [
    {
      "uuid": "cf24d730-525a-440f-8c92-7d6c5803b0e7",
      "title": "",
      "fullFile": "cypress\\integration\\functional\\api.spec.js",
      "file": "cypress\\integration\\functional\\api.spec.js",
      "beforeHooks": [],
      "afterHooks": [],
      "tests": [],
      "suites": [
        {
          "uuid": "78ec1f14-f445-40bc-b196-10dfc2ef9ddf",
          "title": "API Functional Tests",
          "fullFile": "",
          "file": "",
          "beforeHooks": [],
          "afterHooks": [],
          "tests": [],
          "suites": [
            {
              "uuid": "4fa5535e-205e-41c6-99dd-54b295e807cf",
              "title": "Test USER-LOGIN-POST API",
              "fullFile": "",
              "file": "",
              "beforeHooks": [],
              "afterHooks": [],
              "tests": [
                {
                  "title": "Validate USER-LOGIN-POST Response Status Code = 200",
                  "fullTitle": "API Functional Tests Test USER-LOGIN-POST API Validate USER-LOGIN-POST Response Status Code = 200",
                  "timedOut": null,
                  "duration": 0,
                  "state": "pending",
                  "speed": null,
                  "pass": false,
                  "fail": false,
                  "pending": true,
                  "context": null,
                  "code": "",
                  "err": {},
                  "uuid": "77c9ea2c-11ca-46d6-90f2-49890a189eed",
                  "parentUUID": "4fa5535e-205e-41c6-99dd-54b295e807cf",
                  "isHook": false,
                  "skipped": false
                },
                {
                  "title": "Validate USER-LOGIN-POST Response Body",
                  "fullTitle": "API Functional Tests Test USER-LOGIN-POST API Validate USER-LOGIN-POST Response Body",
                  "timedOut": null,
                  "duration": 0,
                  "state": "pending",
                  "speed": null,
                  "pass": false,
                  "fail": false,
                  "pending": true,
                  "context": null,
                  "code": "",
                  "err": {},
                  "uuid": "bb9f8ca1-5fe5-4b3d-93e1-14f1439232e1",
                  "parentUUID": "4fa5535e-205e-41c6-99dd-54b295e807cf",
                  "isHook": false,
                  "skipped": false
                }
              ],
              "suites": [],
              "passes": [],
              "failures": [],
              "pending": [
                "77c9ea2c-11ca-46d6-90f2-49890a189eed",
                "bb9f8ca1-5fe5-4b3d-93e1-14f1439232e1"
              ],
              "skipped": [],
              "duration": 0,
              "root": false,
              "rootEmpty": false,
              "_timeout": 2000
            }
          ],
          "passes": [],
          "failures": [],
          "pending": [],
          "skipped": [],
          "duration": 0,
          "root": false,
          "rootEmpty": false,
          "_timeout": 2000
        }
      ],
      "passes": [],
      "failures": [],
      "pending": [],
      "skipped": [],
      "duration": 0,
      "root": true,
      "rootEmpty": true,
      "_timeout": 2000
    }
  ],
  "meta": {
    "mocha": {
      "version": "7.0.1"
    },
    "mochawesome": {
      "options": {
        "quiet": false,
        "reportFilename": "mochawesome",
        "saveHtml": false,
        "saveJson": true,
        "consoleReporter": "spec",
        "useInlineDiffs": false,
        "code": true
      },
      "version": "6.1.1"
    },
    "marge": {
      "options": {
        "overwrite": false,
        "html": false,
        "json": true
      },
      "version": "5.1.0"
    }
  }
}