{
  "stats": {
    "suites": 5,
    "tests": 6,
    "passes": 6,
    "pending": 0,
    "failures": 0,
    "start": "2020-08-06T20:59:48.694Z",
    "end": "2020-08-06T20:59:54.799Z",
    "duration": 6105,
    "testsRegistered": 6,
    "passPercent": 100,
    "pendingPercent": 0,
    "other": 0,
    "hasOther": false,
    "skipped": 0,
    "hasSkipped": false
  },
  "results": [
    {
      "uuid": "e1ea8629-351b-4dcb-91cf-199b242cf5c6",
      "title": "",
      "fullFile": "cypress\\integration\\functional\\api.spec.js",
      "file": "cypress\\integration\\functional\\api.spec.js",
      "beforeHooks": [],
      "afterHooks": [],
      "tests": [],
      "suites": [
        {
          "uuid": "b7e2dac8-684b-44df-96ea-df2fe784ec43",
          "title": "API Functional Tests",
          "fullFile": "",
          "file": "",
          "beforeHooks": [],
          "afterHooks": [],
          "tests": [],
          "suites": [
            {
              "uuid": "6741304a-213c-409c-9f22-35d0119e6031",
              "title": "Test USER-SIGNUP-POST API",
              "fullFile": "",
              "file": "",
              "beforeHooks": [],
              "afterHooks": [],
              "tests": [
                {
                  "title": "Validate Status 422, response  for EXISTING USER-SIGNUP-POST Request",
                  "fullTitle": "API Functional Tests Test USER-SIGNUP-POST API Validate Status 422, response  for EXISTING USER-SIGNUP-POST Request",
                  "timedOut": null,
                  "duration": 1266,
                  "state": "passed",
                  "speed": "slow",
                  "pass": true,
                  "fail": false,
                  "pending": false,
                  "context": null,
                  "code": "cy.fixture('existingUserSignUpRequest').then(function (existingUserSignUpRequest) {\n  cy.request({\n    method: 'POST',\n    url: _apiEndPoint.USERS_SIGNUP_ENDPOINT,\n    body: existingUserSignUpRequest,\n    failOnStatusCode: false\n  }).as('userSignUpPostResponse');\n});\ncy.get('@userSignUpPostResponse').should(function (response) {\n  expect(response.status).to.eq(422);\n  expect(response.body).to.be.an('object');\n  expect(response.body).to.have.property('errors');\n});",
                  "err": {},
                  "uuid": "3235ac55-aaee-4d1f-aa51-2975d8c2e190",
                  "parentUUID": "6741304a-213c-409c-9f22-35d0119e6031",
                  "isHook": false,
                  "skipped": false
                },
                {
                  "title": "Validate Status 200, response for NEW USER-SIGNUP-POST Request",
                  "fullTitle": "API Functional Tests Test USER-SIGNUP-POST API Validate Status 200, response for NEW USER-SIGNUP-POST Request",
                  "timedOut": null,
                  "duration": 744,
                  "state": "passed",
                  "speed": "slow",
                  "pass": true,
                  "fail": false,
                  "pending": false,
                  "context": null,
                  "code": "cy.request('POST', _apiEndPoint.USERS_SIGNUP_ENDPOINT, (0, _fakerRequests.userSignUpRequestBody)()).as('userSignUpPostResponse');\ncy.get('@userSignUpPostResponse').should(function (response) {\n  expect(response.status).to.eq(200);\n  expect(response.body).to.be.an('object');\n  expect(response.body).to.have.property('user');\n});",
                  "err": {},
                  "uuid": "59056fa2-37f7-439c-a164-3d565793b8c1",
                  "parentUUID": "6741304a-213c-409c-9f22-35d0119e6031",
                  "isHook": false,
                  "skipped": false
                }
              ],
              "suites": [],
              "passes": [
                "3235ac55-aaee-4d1f-aa51-2975d8c2e190",
                "59056fa2-37f7-439c-a164-3d565793b8c1"
              ],
              "failures": [],
              "pending": [],
              "skipped": [],
              "duration": 2010,
              "root": false,
              "rootEmpty": false,
              "_timeout": 2000
            },
            {
              "uuid": "c9358e44-9b80-49b8-9859-dfd9cfb72ee3",
              "title": "Test USER-LOGIN-POST API",
              "fullFile": "",
              "file": "",
              "beforeHooks": [],
              "afterHooks": [],
              "tests": [
                {
                  "title": "Validate Status 422, response  for INVALID USER-LOGIN-POST Request ",
                  "fullTitle": "API Functional Tests Test USER-LOGIN-POST API Validate Status 422, response  for INVALID USER-LOGIN-POST Request ",
                  "timedOut": null,
                  "duration": 815,
                  "state": "passed",
                  "speed": "slow",
                  "pass": true,
                  "fail": false,
                  "pending": false,
                  "context": null,
                  "code": "cy.request({\n  method: 'POST',\n  url: _apiEndPoint.USERS_LOGIN_ENDPOINT,\n  body: (0, _fakerRequests.invalidUserLoginRequestBody)(),\n  failOnStatusCode: false\n}).as('userLoginPostResponse');\ncy.get('@userLoginPostResponse').should(function (response) {\n  expect(response.status).to.eq(422);\n  expect(response.body).to.be.an('object');\n  expect(response.body).to.have.property('errors');\n});",
                  "err": {},
                  "uuid": "708d80d3-7493-46a1-9fb6-81d75106082a",
                  "parentUUID": "c9358e44-9b80-49b8-9859-dfd9cfb72ee3",
                  "isHook": false,
                  "skipped": false
                },
                {
                  "title": "Validate Status 200, response  for VALID USER-LOGIN-POST Request",
                  "fullTitle": "API Functional Tests Test USER-LOGIN-POST API Validate Status 200, response  for VALID USER-LOGIN-POST Request",
                  "timedOut": null,
                  "duration": 795,
                  "state": "passed",
                  "speed": "slow",
                  "pass": true,
                  "fail": false,
                  "pending": false,
                  "context": null,
                  "code": "cy.fixture('validLoginRequest').then(function (validLoginRequest) {\n  cy.request('POST', _apiEndPoint.USERS_LOGIN_ENDPOINT, validLoginRequest).as('userLoginPostResponse');\n});\ncy.get('@userLoginPostResponse').should(function (response) {\n  expect(response.status).to.eq(200);\n  expect(response.body).to.be.an('object');\n  expect(response.body).to.have.property('user');\n});",
                  "err": {},
                  "uuid": "3c560bfa-1294-45d2-8ca8-3d47e2d2363c",
                  "parentUUID": "c9358e44-9b80-49b8-9859-dfd9cfb72ee3",
                  "isHook": false,
                  "skipped": false
                }
              ],
              "suites": [],
              "passes": [
                "708d80d3-7493-46a1-9fb6-81d75106082a",
                "3c560bfa-1294-45d2-8ca8-3d47e2d2363c"
              ],
              "failures": [],
              "pending": [],
              "skipped": [],
              "duration": 1610,
              "root": false,
              "rootEmpty": false,
              "_timeout": 2000
            },
            {
              "uuid": "19cdf7e7-fe09-4768-84b2-bcfa62b875bd",
              "title": "Test TAGS-GET API",
              "fullFile": "",
              "file": "",
              "beforeHooks": [],
              "afterHooks": [],
              "tests": [
                {
                  "title": "Validate Status 200, response for TAGS-GET Request",
                  "fullTitle": "API Functional Tests Test TAGS-GET API Validate Status 200, response for TAGS-GET Request",
                  "timedOut": null,
                  "duration": 1189,
                  "state": "passed",
                  "speed": "slow",
                  "pass": true,
                  "fail": false,
                  "pending": false,
                  "context": null,
                  "code": "cy.request('GET', _apiEndPoint.TAGS_ENDPOINT).as('tagsGetResponse');\ncy.get('@tagsGetResponse').should(function (response) {\n  expect(response.status).to.eq(200);\n  expect(response.body).to.be.an('object');\n  expect(response.body).to.have.property('tags');\n});",
                  "err": {},
                  "uuid": "fb47bb9e-2d06-48bb-b0e5-eca005b3e021",
                  "parentUUID": "19cdf7e7-fe09-4768-84b2-bcfa62b875bd",
                  "isHook": false,
                  "skipped": false
                }
              ],
              "suites": [],
              "passes": [
                "fb47bb9e-2d06-48bb-b0e5-eca005b3e021"
              ],
              "failures": [],
              "pending": [],
              "skipped": [],
              "duration": 1189,
              "root": false,
              "rootEmpty": false,
              "_timeout": 2000
            },
            {
              "uuid": "a8bbaaa7-90e1-458e-9deb-c866f365fca9",
              "title": "Test GET-GLOBAL-ARTICLE-FEED API",
              "fullFile": "",
              "file": "",
              "beforeHooks": [],
              "afterHooks": [],
              "tests": [
                {
                  "title": "Validate Status 200, response for GET-GLOBAL-ARTICLE-FEED Request",
                  "fullTitle": "API Functional Tests Test GET-GLOBAL-ARTICLE-FEED API Validate Status 200, response for GET-GLOBAL-ARTICLE-FEED Request",
                  "timedOut": null,
                  "duration": 701,
                  "state": "passed",
                  "speed": "slow",
                  "pass": true,
                  "fail": false,
                  "pending": false,
                  "context": null,
                  "code": "cy.request('GET', _apiEndPoint.GET_ARTICLES_ENDPOINT).as('articlesGetResponse');\ncy.get('@articlesGetResponse').should(function (response) {\n  expect(response.status).to.eq(200);\n  expect(response.body).to.be.an('object');\n  expect(response.body).to.have.property('articles');\n});",
                  "err": {},
                  "uuid": "8e9ccb21-56ea-4d29-abd9-247bbc9611c6",
                  "parentUUID": "a8bbaaa7-90e1-458e-9deb-c866f365fca9",
                  "isHook": false,
                  "skipped": false
                }
              ],
              "suites": [],
              "passes": [
                "8e9ccb21-56ea-4d29-abd9-247bbc9611c6"
              ],
              "failures": [],
              "pending": [],
              "skipped": [],
              "duration": 701,
              "root": false,
              "rootEmpty": false,
              "_timeout": 2000
            }
          ],
          "passes": [],
          "failures": [],
          "pending": [],
          "skipped": [],
          "duration": 0,
          "root": false,
          "rootEmpty": false,
          "_timeout": 2000
        }
      ],
      "passes": [],
      "failures": [],
      "pending": [],
      "skipped": [],
      "duration": 0,
      "root": true,
      "rootEmpty": true,
      "_timeout": 2000
    }
  ],
  "meta": {
    "mocha": {
      "version": "7.0.1"
    },
    "mochawesome": {
      "options": {
        "quiet": false,
        "reportFilename": "mochawesome",
        "saveHtml": false,
        "saveJson": true,
        "consoleReporter": "spec",
        "useInlineDiffs": false,
        "code": true
      },
      "version": "6.1.1"
    },
    "marge": {
      "options": {
        "overwrite": false,
        "html": false,
        "json": true
      },
      "version": "5.1.0"
    }
  }
}